<?xml version="1.0" encoding="UTF-8"?>
<testng-results total="1" passed="1" failed="0" skipped="0">
  <reporter-output>
  </reporter-output>
  <suite started-at="2020-02-25T03:22:54Z" name="test" finished-at="2020-02-25T03:23:07Z" duration-ms="12509">
    <groups>
      <group name="test">
        <method signature="MyFirstPageFactoryNG.test()[pri:0, instance:MyFirstPageFactoryNG@15ff3e9e]" name="test" class="MyFirstPageFactoryNG"/>
      </group> <!-- test -->
    </groups>
    <test started-at="2020-02-25T03:22:54Z" name="test" finished-at="2020-02-25T03:23:07Z" duration-ms="12509">
      <class name="MyFirstPageFactoryNG">
        <test-method is-config="true" signature="beforeTest()[pri:0, instance:MyFirstPageFactoryNG@15ff3e9e]" started-at="2020-02-24T19:22:54Z" name="beforeTest" finished-at="2020-02-24T19:23:01Z" duration-ms="6850" status="PASS">
          <reporter-output>
          </reporter-output>
        </test-method> <!-- beforeTest -->
        <test-method signature="test()[pri:0, instance:MyFirstPageFactoryNG@15ff3e9e]" started-at="2020-02-24T19:23:01Z" name="test" finished-at="2020-02-24T19:23:02Z" duration-ms="1280" status="PASS">
          <reporter-output>
          </reporter-output>
        </test-method> <!-- test -->
        <test-method is-config="true" signature="afterTest()[pri:0, instance:MyFirstPageFactoryNG@15ff3e9e]" started-at="2020-02-24T19:23:02Z" name="afterTest" finished-at="2020-02-24T19:23:07Z" duration-ms="4368" status="PASS">
          <reporter-output>
          </reporter-output>
        </test-method> <!-- afterTest -->
      </class> <!-- MyFirstPageFactoryNG -->
    </test> <!-- test -->
  </suite> <!-- test -->
</testng-results>
